<?xml version="1.0" encoding="UTF-8"?>
<testsuite xmlns:xsi="http://www.w3.org/2001/XMLSchema-instance" xsi:noNamespaceSchemaLocation="https://maven.apache.org/surefire/maven-surefire-plugin/xsd/surefire-test-report-3.0.xsd" version="3.0" name="demo.boot.EurekaClientPaymentServiceApplicationTests" time="86.059" tests="1" errors="0" skipped="0" failures="0">
  <properties>
    <property name="java.specification.version" value="17"/>
    <property name="sun.cpu.isalist" value="amd64"/>
    <property name="sun.jnu.encoding" value="Cp1252"/>
    <property name="java.class.path" value="C:\spring\labs\PaymentService\target\test-classes;C:\spring\labs\PaymentService\target\classes;C:\spring\m2\repo\org\springframework\boot\spring-boot-starter-actuator\3.1.2\spring-boot-starter-actuator-3.1.2.jar;C:\spring\m2\repo\org\springframework\boot\spring-boot-starter\3.1.2\spring-boot-starter-3.1.2.jar;C:\spring\m2\repo\org\springframework\boot\spring-boot-starter-logging\3.1.2\spring-boot-starter-logging-3.1.2.jar;C:\spring\m2\repo\ch\qos\logback\logback-classic\1.4.8\logback-classic-1.4.8.jar;C:\spring\m2\repo\ch\qos\logback\logback-core\1.4.8\logback-core-1.4.8.jar;C:\spring\m2\repo\org\apache\logging\log4j\log4j-to-slf4j\2.20.0\log4j-to-slf4j-2.20.0.jar;C:\spring\m2\repo\org\apache\logging\log4j\log4j-api\2.20.0\log4j-api-2.20.0.jar;C:\spring\m2\repo\org\slf4j\jul-to-slf4j\2.0.7\jul-to-slf4j-2.0.7.jar;C:\spring\m2\repo\jakarta\annotation\jakarta.annotation-api\2.1.1\jakarta.annotation-api-2.1.1.jar;C:\spring\m2\repo\org\yaml\snakeyaml\1.33\snakeyaml-1.33.jar;C:\spring\m2\repo\org\springframework\boot\spring-boot-actuator-autoconfigure\3.1.2\spring-boot-actuator-autoconfigure-3.1.2.jar;C:\spring\m2\repo\org\springframework\boot\spring-boot-actuator\3.1.2\spring-boot-actuator-3.1.2.jar;C:\spring\m2\repo\com\fasterxml\jackson\core\jackson-databind\2.15.2\jackson-databind-2.15.2.jar;C:\spring\m2\repo\com\fasterxml\jackson\core\jackson-annotations\2.15.2\jackson-annotations-2.15.2.jar;C:\spring\m2\repo\com\fasterxml\jackson\core\jackson-core\2.15.2\jackson-core-2.15.2.jar;C:\spring\m2\repo\com\fasterxml\jackson\datatype\jackson-datatype-jsr310\2.15.2\jackson-datatype-jsr310-2.15.2.jar;C:\spring\m2\repo\io\micrometer\micrometer-observation\1.11.2\micrometer-observation-1.11.2.jar;C:\spring\m2\repo\io\micrometer\micrometer-commons\1.11.2\micrometer-commons-1.11.2.jar;C:\spring\m2\repo\io\micrometer\micrometer-core\1.11.2\micrometer-core-1.11.2.jar;C:\spring\m2\repo\org\hdrhistogram\HdrHistogram\2.1.12\HdrHistogram-2.1.12.jar;C:\spring\m2\repo\org\latencyutils\LatencyUtils\2.0.3\LatencyUtils-2.0.3.jar;C:\spring\m2\repo\org\springframework\boot\spring-boot-starter-web\3.1.2\spring-boot-starter-web-3.1.2.jar;C:\spring\m2\repo\org\springframework\boot\spring-boot-starter-json\3.1.2\spring-boot-starter-json-3.1.2.jar;C:\spring\m2\repo\com\fasterxml\jackson\datatype\jackson-datatype-jdk8\2.15.2\jackson-datatype-jdk8-2.15.2.jar;C:\spring\m2\repo\com\fasterxml\jackson\module\jackson-module-parameter-names\2.15.2\jackson-module-parameter-names-2.15.2.jar;C:\spring\m2\repo\org\springframework\boot\spring-boot-starter-tomcat\3.1.2\spring-boot-starter-tomcat-3.1.2.jar;C:\spring\m2\repo\org\apache\tomcat\embed\tomcat-embed-core\10.1.11\tomcat-embed-core-10.1.11.jar;C:\spring\m2\repo\org\apache\tomcat\embed\tomcat-embed-el\10.1.11\tomcat-embed-el-10.1.11.jar;C:\spring\m2\repo\org\apache\tomcat\embed\tomcat-embed-websocket\10.1.11\tomcat-embed-websocket-10.1.11.jar;C:\spring\m2\repo\org\springframework\spring-web\6.0.11\spring-web-6.0.11.jar;C:\spring\m2\repo\org\springframework\spring-beans\6.0.11\spring-beans-6.0.11.jar;C:\spring\m2\repo\org\springframework\spring-webmvc\6.0.11\spring-webmvc-6.0.11.jar;C:\spring\m2\repo\org\springframework\spring-aop\6.0.11\spring-aop-6.0.11.jar;C:\spring\m2\repo\org\springframework\spring-context\6.0.11\spring-context-6.0.11.jar;C:\spring\m2\repo\org\springframework\spring-expression\6.0.11\spring-expression-6.0.11.jar;C:\spring\m2\repo\org\springframework\boot\spring-boot-devtools\3.1.2\spring-boot-devtools-3.1.2.jar;C:\spring\m2\repo\org\springframework\boot\spring-boot\3.1.2\spring-boot-3.1.2.jar;C:\spring\m2\repo\org\springframework\boot\spring-boot-autoconfigure\3.1.2\spring-boot-autoconfigure-3.1.2.jar;C:\spring\m2\repo\org\springframework\boot\spring-boot-starter-test\3.1.2\spring-boot-starter-test-3.1.2.jar;C:\spring\m2\repo\org\springframework\boot\spring-boot-test\3.1.2\spring-boot-test-3.1.2.jar;C:\spring\m2\repo\org\springframework\boot\spring-boot-test-autoconfigure\3.1.2\spring-boot-test-autoconfigure-3.1.2.jar;C:\spring\m2\repo\com\jayway\jsonpath\json-path\2.8.0\json-path-2.8.0.jar;C:\spring\m2\repo\org\slf4j\slf4j-api\2.0.7\slf4j-api-2.0.7.jar;C:\spring\m2\repo\jakarta\xml\bind\jakarta.xml.bind-api\4.0.0\jakarta.xml.bind-api-4.0.0.jar;C:\spring\m2\repo\jakarta\activation\jakarta.activation-api\2.1.2\jakarta.activation-api-2.1.2.jar;C:\spring\m2\repo\net\minidev\json-smart\2.4.11\json-smart-2.4.11.jar;C:\spring\m2\repo\net\minidev\accessors-smart\2.4.11\accessors-smart-2.4.11.jar;C:\spring\m2\repo\org\ow2\asm\asm\9.3\asm-9.3.jar;C:\spring\m2\repo\org\assertj\assertj-core\3.24.2\assertj-core-3.24.2.jar;C:\spring\m2\repo\net\bytebuddy\byte-buddy\1.14.5\byte-buddy-1.14.5.jar;C:\spring\m2\repo\org\hamcrest\hamcrest\2.2\hamcrest-2.2.jar;C:\spring\m2\repo\org\junit\jupiter\junit-jupiter\5.9.3\junit-jupiter-5.9.3.jar;C:\spring\m2\repo\org\junit\jupiter\junit-jupiter-api\5.9.3\junit-jupiter-api-5.9.3.jar;C:\spring\m2\repo\org\opentest4j\opentest4j\1.2.0\opentest4j-1.2.0.jar;C:\spring\m2\repo\org\junit\platform\junit-platform-commons\1.9.3\junit-platform-commons-1.9.3.jar;C:\spring\m2\repo\org\apiguardian\apiguardian-api\1.1.2\apiguardian-api-1.1.2.jar;C:\spring\m2\repo\org\junit\jupiter\junit-jupiter-params\5.9.3\junit-jupiter-params-5.9.3.jar;C:\spring\m2\repo\org\junit\jupiter\junit-jupiter-engine\5.9.3\junit-jupiter-engine-5.9.3.jar;C:\spring\m2\repo\org\junit\platform\junit-platform-engine\1.9.3\junit-platform-engine-1.9.3.jar;C:\spring\m2\repo\org\mockito\mockito-core\5.3.1\mockito-core-5.3.1.jar;C:\spring\m2\repo\net\bytebuddy\byte-buddy-agent\1.14.5\byte-buddy-agent-1.14.5.jar;C:\spring\m2\repo\org\objenesis\objenesis\3.3\objenesis-3.3.jar;C:\spring\m2\repo\org\mockito\mockito-junit-jupiter\5.3.1\mockito-junit-jupiter-5.3.1.jar;C:\spring\m2\repo\org\skyscreamer\jsonassert\1.5.1\jsonassert-1.5.1.jar;C:\spring\m2\repo\com\vaadin\external\google\android-json\0.0.20131108.vaadin1\android-json-0.0.20131108.vaadin1.jar;C:\spring\m2\repo\org\springframework\spring-core\6.0.11\spring-core-6.0.11.jar;C:\spring\m2\repo\org\springframework\spring-jcl\6.0.11\spring-jcl-6.0.11.jar;C:\spring\m2\repo\org\springframework\spring-test\6.0.11\spring-test-6.0.11.jar;C:\spring\m2\repo\org\xmlunit\xmlunit-core\2.9.1\xmlunit-core-2.9.1.jar;"/>
    <property name="java.vm.vendor" value="Oracle Corporation"/>
    <property name="sun.arch.data.model" value="64"/>
    <property name="user.variant" value=""/>
    <property name="java.vendor.url" value="https://java.oracle.com/"/>
    <property name="user.timezone" value="Asia/Calcutta"/>
    <property name="os.name" value="Windows 10"/>
    <property name="java.vm.specification.version" value="17"/>
    <property name="sun.java.launcher" value="SUN_STANDARD"/>
    <property name="user.country" value="IN"/>
    <property name="sun.boot.library.path" value="C:\spring\jdk-17.0.8\bin"/>
    <property name="sun.java.command" value="C:\Users\Admin\AppData\Local\Temp\surefire13389137589634225124\surefirebooter-20230823143602917_3.jar C:\Users\Admin\AppData\Local\Temp\surefire13389137589634225124 2023-08-23T14-35-58_679-jvmRun1 surefire-20230823143602917_1tmp surefire_0-20230823143602917_2tmp"/>
    <property name="jdk.debug" value="release"/>
    <property name="surefire.test.class.path" value="C:\spring\labs\PaymentService\target\test-classes;C:\spring\labs\PaymentService\target\classes;C:\spring\m2\repo\org\springframework\boot\spring-boot-starter-actuator\3.1.2\spring-boot-starter-actuator-3.1.2.jar;C:\spring\m2\repo\org\springframework\boot\spring-boot-starter\3.1.2\spring-boot-starter-3.1.2.jar;C:\spring\m2\repo\org\springframework\boot\spring-boot-starter-logging\3.1.2\spring-boot-starter-logging-3.1.2.jar;C:\spring\m2\repo\ch\qos\logback\logback-classic\1.4.8\logback-classic-1.4.8.jar;C:\spring\m2\repo\ch\qos\logback\logback-core\1.4.8\logback-core-1.4.8.jar;C:\spring\m2\repo\org\apache\logging\log4j\log4j-to-slf4j\2.20.0\log4j-to-slf4j-2.20.0.jar;C:\spring\m2\repo\org\apache\logging\log4j\log4j-api\2.20.0\log4j-api-2.20.0.jar;C:\spring\m2\repo\org\slf4j\jul-to-slf4j\2.0.7\jul-to-slf4j-2.0.7.jar;C:\spring\m2\repo\jakarta\annotation\jakarta.annotation-api\2.1.1\jakarta.annotation-api-2.1.1.jar;C:\spring\m2\repo\org\yaml\snakeyaml\1.33\snakeyaml-1.33.jar;C:\spring\m2\repo\org\springframework\boot\spring-boot-actuator-autoconfigure\3.1.2\spring-boot-actuator-autoconfigure-3.1.2.jar;C:\spring\m2\repo\org\springframework\boot\spring-boot-actuator\3.1.2\spring-boot-actuator-3.1.2.jar;C:\spring\m2\repo\com\fasterxml\jackson\core\jackson-databind\2.15.2\jackson-databind-2.15.2.jar;C:\spring\m2\repo\com\fasterxml\jackson\core\jackson-annotations\2.15.2\jackson-annotations-2.15.2.jar;C:\spring\m2\repo\com\fasterxml\jackson\core\jackson-core\2.15.2\jackson-core-2.15.2.jar;C:\spring\m2\repo\com\fasterxml\jackson\datatype\jackson-datatype-jsr310\2.15.2\jackson-datatype-jsr310-2.15.2.jar;C:\spring\m2\repo\io\micrometer\micrometer-observation\1.11.2\micrometer-observation-1.11.2.jar;C:\spring\m2\repo\io\micrometer\micrometer-commons\1.11.2\micrometer-commons-1.11.2.jar;C:\spring\m2\repo\io\micrometer\micrometer-core\1.11.2\micrometer-core-1.11.2.jar;C:\spring\m2\repo\org\hdrhistogram\HdrHistogram\2.1.12\HdrHistogram-2.1.12.jar;C:\spring\m2\repo\org\latencyutils\LatencyUtils\2.0.3\LatencyUtils-2.0.3.jar;C:\spring\m2\repo\org\springframework\boot\spring-boot-starter-web\3.1.2\spring-boot-starter-web-3.1.2.jar;C:\spring\m2\repo\org\springframework\boot\spring-boot-starter-json\3.1.2\spring-boot-starter-json-3.1.2.jar;C:\spring\m2\repo\com\fasterxml\jackson\datatype\jackson-datatype-jdk8\2.15.2\jackson-datatype-jdk8-2.15.2.jar;C:\spring\m2\repo\com\fasterxml\jackson\module\jackson-module-parameter-names\2.15.2\jackson-module-parameter-names-2.15.2.jar;C:\spring\m2\repo\org\springframework\boot\spring-boot-starter-tomcat\3.1.2\spring-boot-starter-tomcat-3.1.2.jar;C:\spring\m2\repo\org\apache\tomcat\embed\tomcat-embed-core\10.1.11\tomcat-embed-core-10.1.11.jar;C:\spring\m2\repo\org\apache\tomcat\embed\tomcat-embed-el\10.1.11\tomcat-embed-el-10.1.11.jar;C:\spring\m2\repo\org\apache\tomcat\embed\tomcat-embed-websocket\10.1.11\tomcat-embed-websocket-10.1.11.jar;C:\spring\m2\repo\org\springframework\spring-web\6.0.11\spring-web-6.0.11.jar;C:\spring\m2\repo\org\springframework\spring-beans\6.0.11\spring-beans-6.0.11.jar;C:\spring\m2\repo\org\springframework\spring-webmvc\6.0.11\spring-webmvc-6.0.11.jar;C:\spring\m2\repo\org\springframework\spring-aop\6.0.11\spring-aop-6.0.11.jar;C:\spring\m2\repo\org\springframework\spring-context\6.0.11\spring-context-6.0.11.jar;C:\spring\m2\repo\org\springframework\spring-expression\6.0.11\spring-expression-6.0.11.jar;C:\spring\m2\repo\org\springframework\boot\spring-boot-devtools\3.1.2\spring-boot-devtools-3.1.2.jar;C:\spring\m2\repo\org\springframework\boot\spring-boot\3.1.2\spring-boot-3.1.2.jar;C:\spring\m2\repo\org\springframework\boot\spring-boot-autoconfigure\3.1.2\spring-boot-autoconfigure-3.1.2.jar;C:\spring\m2\repo\org\springframework\boot\spring-boot-starter-test\3.1.2\spring-boot-starter-test-3.1.2.jar;C:\spring\m2\repo\org\springframework\boot\spring-boot-test\3.1.2\spring-boot-test-3.1.2.jar;C:\spring\m2\repo\org\springframework\boot\spring-boot-test-autoconfigure\3.1.2\spring-boot-test-autoconfigure-3.1.2.jar;C:\spring\m2\repo\com\jayway\jsonpath\json-path\2.8.0\json-path-2.8.0.jar;C:\spring\m2\repo\org\slf4j\slf4j-api\2.0.7\slf4j-api-2.0.7.jar;C:\spring\m2\repo\jakarta\xml\bind\jakarta.xml.bind-api\4.0.0\jakarta.xml.bind-api-4.0.0.jar;C:\spring\m2\repo\jakarta\activation\jakarta.activation-api\2.1.2\jakarta.activation-api-2.1.2.jar;C:\spring\m2\repo\net\minidev\json-smart\2.4.11\json-smart-2.4.11.jar;C:\spring\m2\repo\net\minidev\accessors-smart\2.4.11\accessors-smart-2.4.11.jar;C:\spring\m2\repo\org\ow2\asm\asm\9.3\asm-9.3.jar;C:\spring\m2\repo\org\assertj\assertj-core\3.24.2\assertj-core-3.24.2.jar;C:\spring\m2\repo\net\bytebuddy\byte-buddy\1.14.5\byte-buddy-1.14.5.jar;C:\spring\m2\repo\org\hamcrest\hamcrest\2.2\hamcrest-2.2.jar;C:\spring\m2\repo\org\junit\jupiter\junit-jupiter\5.9.3\junit-jupiter-5.9.3.jar;C:\spring\m2\repo\org\junit\jupiter\junit-jupiter-api\5.9.3\junit-jupiter-api-5.9.3.jar;C:\spring\m2\repo\org\opentest4j\opentest4j\1.2.0\opentest4j-1.2.0.jar;C:\spring\m2\repo\org\junit\platform\junit-platform-commons\1.9.3\junit-platform-commons-1.9.3.jar;C:\spring\m2\repo\org\apiguardian\apiguardian-api\1.1.2\apiguardian-api-1.1.2.jar;C:\spring\m2\repo\org\junit\jupiter\junit-jupiter-params\5.9.3\junit-jupiter-params-5.9.3.jar;C:\spring\m2\repo\org\junit\jupiter\junit-jupiter-engine\5.9.3\junit-jupiter-engine-5.9.3.jar;C:\spring\m2\repo\org\junit\platform\junit-platform-engine\1.9.3\junit-platform-engine-1.9.3.jar;C:\spring\m2\repo\org\mockito\mockito-core\5.3.1\mockito-core-5.3.1.jar;C:\spring\m2\repo\net\bytebuddy\byte-buddy-agent\1.14.5\byte-buddy-agent-1.14.5.jar;C:\spring\m2\repo\org\objenesis\objenesis\3.3\objenesis-3.3.jar;C:\spring\m2\repo\org\mockito\mockito-junit-jupiter\5.3.1\mockito-junit-jupiter-5.3.1.jar;C:\spring\m2\repo\org\skyscreamer\jsonassert\1.5.1\jsonassert-1.5.1.jar;C:\spring\m2\repo\com\vaadin\external\google\android-json\0.0.20131108.vaadin1\android-json-0.0.20131108.vaadin1.jar;C:\spring\m2\repo\org\springframework\spring-core\6.0.11\spring-core-6.0.11.jar;C:\spring\m2\repo\org\springframework\spring-jcl\6.0.11\spring-jcl-6.0.11.jar;C:\spring\m2\repo\org\springframework\spring-test\6.0.11\spring-test-6.0.11.jar;C:\spring\m2\repo\org\xmlunit\xmlunit-core\2.9.1\xmlunit-core-2.9.1.jar;"/>
    <property name="sun.cpu.endian" value="little"/>
    <property name="user.home" value="C:\Users\Admin"/>
    <property name="user.language" value="en"/>
    <property name="java.specification.vendor" value="Oracle Corporation"/>
    <property name="java.version.date" value="2023-07-18"/>
    <property name="java.home" value="C:\spring\jdk-17.0.8"/>
    <property name="file.separator" value="\"/>
    <property name="style.color" value="always"/>
    <property name="basedir" value="C:\spring\labs\PaymentService"/>
    <property name="java.vm.compressedOopsMode" value="Zero based"/>
    <property name="line.separator" value="&#10;"/>
    <property name="java.vm.specification.vendor" value="Oracle Corporation"/>
    <property name="java.specification.name" value="Java Platform API Specification"/>
    <property name="FILE_LOG_CHARSET" value="windows-1252"/>
    <property name="java.awt.headless" value="true"/>
    <property name="surefire.real.class.path" value="C:\Users\Admin\AppData\Local\Temp\surefire13389137589634225124\surefirebooter-20230823143602917_3.jar"/>
    <property name="user.script" value=""/>
    <property name="sun.management.compiler" value="HotSpot 64-Bit Tiered Compilers"/>
    <property name="java.runtime.version" value="17.0.8+9-LTS-211"/>
    <property name="user.name" value="Admin"/>
    <property name="path.separator" value=";"/>
    <property name="os.version" value="10.0"/>
    <property name="java.runtime.name" value="Java(TM) SE Runtime Environment"/>
    <property name="file.encoding" value="Cp1252"/>
    <property name="java.vm.name" value="Java HotSpot(TM) 64-Bit Server VM"/>
    <property name="localRepository" value="C:\spring\m2\repo"/>
    <property name="java.vendor.url.bug" value="https://bugreport.java.com/bugreport/"/>
    <property name="java.io.tmpdir" value="C:\Users\Admin\AppData\Local\Temp\"/>
    <property name="java.version" value="17.0.8"/>
    <property name="user.dir" value="C:\spring\labs\PaymentService"/>
    <property name="os.arch" value="amd64"/>
    <property name="java.vm.specification.name" value="Java Virtual Machine Specification"/>
    <property name="PID" value="720"/>
    <property name="sun.os.patch.level" value=""/>
    <property name="CONSOLE_LOG_CHARSET" value="windows-1252"/>
    <property name="native.encoding" value="Cp1252"/>
    <property name="java.library.path" value="C:\spring\jdk-17.0.8\bin;C:\Windows\Sun\Java\bin;C:\Windows\system32;C:\Windows;C:/spring/sts-4.19.1.RELEASE//plugins/org.eclipse.justj.openjdk.hotspot.jre.full.win32.x86_64_17.0.7.v20230425-1502/jre/bin/server;C:/spring/sts-4.19.1.RELEASE//plugins/org.eclipse.justj.openjdk.hotspot.jre.full.win32.x86_64_17.0.7.v20230425-1502/jre/bin;C:\Windows\system32;C:\Windows;C:\Windows\System32\Wbem;C:\Windows\System32\WindowsPowerShell\v1.0\;C:\Windows\System32\OpenSSH\;C:\Program Files\Docker\Docker\resources\bin;C:\Users\Admin\AppData\Local\Microsoft\WindowsApps;C:\spring\jdk-17.0.8\bin;;C:\spring\sts-4.19.1.RELEASE;;."/>
    <property name="java.vm.info" value="mixed mode, sharing"/>
    <property name="java.vendor" value="Oracle Corporation"/>
    <property name="java.vm.version" value="17.0.8+9-LTS-211"/>
    <property name="sun.io.unicode.encoding" value="UnicodeLittle"/>
    <property name="java.class.version" value="61.0"/>
  </properties>
  <testcase name="contextLoads" classname="demo.boot.EurekaClientPaymentServiceApplicationTests" time="13.641">
    <system-out><![CDATA[14:36:21.613 [main] INFO org.springframework.test.context.support.AnnotationConfigContextLoaderUtils -- Could not detect default configuration classes for test class [demo.boot.EurekaClientPaymentServiceApplicationTests]: EurekaClientPaymentServiceApplicationTests does not declare any static, non-private, non-final, nested classes annotated with @Configuration.
14:36:23.615 [main] INFO org.springframework.boot.test.context.SpringBootTestContextBootstrapper -- Found @SpringBootConfiguration demo.boot.EurekaClientPaymentServiceApplication for test class demo.boot.EurekaClientPaymentServiceApplicationTests

  .   ____          _            __ _ _
 /\\ / ___'_ __ _ _(_)_ __  __ _ \ \ \ \
( ( )\___ | '_ | '_| | '_ \/ _` | \ \ \ \
 \\/  ___)| |_)| | | | | || (_| |  ) ) ) )
  '  |____| .__|_| |_|_| |_\__, | / / / /
 =========|_|==============|___/=/_/_/_/
 :: Spring Boot ::                (v3.1.2)

2023-08-23T14:36:33.948+05:30  INFO 720 --- [           main] rekaClientPaymentServiceApplicationTests : Starting EurekaClientPaymentServiceApplicationTests using Java 17.0.8 with PID 720 (started by Admin in C:\spring\labs\PaymentService)
2023-08-23T14:36:34.007+05:30  INFO 720 --- [           main] rekaClientPaymentServiceApplicationTests : No active profile set, falling back to 1 default profile: "default"
2023-08-23T14:37:27.192+05:30  INFO 720 --- [           main] o.s.b.a.e.web.EndpointLinksResolver      : Exposing 1 endpoint(s) beneath base path '/actuator'
2023-08-23T14:37:29.289+05:30  INFO 720 --- [           main] rekaClientPaymentServiceApplicationTests : Started EurekaClientPaymentServiceApplicationTests in 62.04 seconds (process running for 84.005)
]]></system-out>
  </testcase>
</testsuite>